# JRE version: OpenJDK Runtime Environment Microsoft-8035246 (17.0.8+7) (build 17.0.8+7-LTS)
# Java VM: OpenJDK 64-Bit Server VM Microsoft-8035246 (17.0.8+7-LTS, mixed mode, sharing, tiered, compressed oops, compressed class ptrs, g1 gc, windows-amd64)
GC Precious Log:
 CPUs: 8 total, 8 available
 Memory: 16133M
 Large Page Support: Disabled
 NUMA Support: Disabled
 Compressed Oops: Enabled (32-bit)
 Heap Region Size: 1M
 Heap Min Capacity: 8M
 Heap Initial Capacity: 254M
 Heap Max Capacity: 2G
 Pre-touch: Disabled
 Parallel Workers: 8
 Concurrent Workers: 2
 Concurrent Refinement Workers: 8
 Periodic GC: Disabled
Heap:
 garbage-first heap   total 242688K, used 170960K [0x0000000080000000, 0x0000000100000000)
  region size 1024K, 11 young (11264K), 3 survivors (3072K)
 Metaspace       used 102377K, committed 103360K, reserved 557056K
  class space    used 14162K, committed 14656K, reserved 425984K
GC Heap History (20 events):
Event: 46.870 GC heap before
{Heap before GC invocations=54 (full 0):
 garbage-first heap   total 201728K, used 166703K [0x0000000080000000, 0x0000000100000000)
  region size 1024K, 29 young (29696K), 2 survivors (2048K)
 Metaspace       used 96463K, committed 97408K, reserved 557056K
  class space    used 13496K, committed 13952K, reserved 425984K
}
Event: 46.877 GC heap after
{Heap after GC invocations=55 (full 0):
 garbage-first heap   total 201728K, used 141604K [0x0000000080000000, 0x0000000100000000)
  region size 1024K, 4 young (4096K), 4 survivors (4096K)
 Metaspace       used 96463K, committed 97408K, reserved 557056K
  class space    used 13496K, committed 13952K, reserved 425984K
}
Event: 47.420 GC heap before
{Heap before GC invocations=55 (full 0):
 garbage-first heap   total 201728K, used 169252K [0x0000000080000000, 0x0000000100000000)
  region size 1024K, 31 young (31744K), 4 survivors (4096K)
 Metaspace       used 97878K, committed 98816K, reserved 557056K
  class space    used 13669K, committed 14144K, reserved 425984K
}
Event: 47.428 GC heap after
{Heap after GC invocations=56 (full 0):
 garbage-first heap   total 201728K, used 143690K [0x0000000080000000, 0x0000000100000000)
  region size 1024K, 3 young (3072K), 3 survivors (3072K)
 Metaspace       used 97878K, committed 98816K, reserved 557056K
  class space    used 13669K, committed 14144K, reserved 425984K
}
Event: 47.898 GC heap before
{Heap before GC invocations=56 (full 0):
 garbage-first heap   total 201728K, used 170314K [0x0000000080000000, 0x0000000100000000)
  region size 1024K, 29 young (29696K), 3 survivors (3072K)
 Metaspace       used 98571K, committed 99520K, reserved 557056K
  class space    used 13753K, committed 14208K, reserved 425984K
}
Event: 47.906 GC heap after
{Heap after GC invocations=57 (full 0):
 garbage-first heap   total 201728K, used 146494K [0x0000000080000000, 0x0000000100000000)
  region size 1024K, 3 young (3072K), 3 survivors (3072K)
 Metaspace       used 98571K, committed 99520K, reserved 557056K
  class space    used 13753K, committed 14208K, reserved 425984K
}
Event: 48.389 GC heap before
{Heap before GC invocations=57 (full 0):
 garbage-first heap   total 201728K, used 171070K [0x0000000080000000, 0x0000000100000000)
  region size 1024K, 27 young (27648K), 3 survivors (3072K)
 Metaspace       used 98721K, committed 99712K, reserved 557056K
  class space    used 13754K, committed 14208K, reserved 425984K
}
Event: 48.397 GC heap after
{Heap after GC invocations=58 (full 0):
 garbage-first heap   total 201728K, used 148751K [0x0000000080000000, 0x0000000100000000)
  region size 1024K, 3 young (3072K), 3 survivors (3072K)
 Metaspace       used 98721K, committed 99712K, reserved 557056K
  class space    used 13754K, committed 14208K, reserved 425984K
}
Event: 48.744 GC heap before
{Heap before GC invocations=58 (full 0):
 garbage-first heap   total 201728K, used 171279K [0x0000000080000000, 0x0000000100000000)
  region size 1024K, 26 young (26624K), 3 survivors (3072K)
 Metaspace       used 99173K, committed 100160K, reserved 557056K
  class space    used 13806K, committed 14272K, reserved 425984K
}
Event: 48.752 GC heap after
{Heap after GC invocations=59 (full 0):
 garbage-first heap   total 201728K, used 151985K [0x0000000080000000, 0x0000000100000000)
  region size 1024K, 4 young (4096K), 4 survivors (4096K)
 Metaspace       used 99173K, committed 100160K, reserved 557056K
  class space    used 13806K, committed 14272K, reserved 425984K
}
Event: 49.165 GC heap before
{Heap before GC invocations=59 (full 0):
 garbage-first heap   total 201728K, used 175537K [0x0000000080000000, 0x0000000100000000)
  region size 1024K, 23 young (23552K), 4 survivors (4096K)
 Metaspace       used 100881K, committed 101824K, reserved 557056K
  class space    used 13937K, committed 14400K, reserved 425984K
}
Event: 49.172 GC heap after
{Heap after GC invocations=60 (full 0):
 garbage-first heap   total 201728K, used 154843K [0x0000000080000000, 0x0000000100000000)
  region size 1024K, 3 young (3072K), 3 survivors (3072K)
 Metaspace       used 100881K, committed 101824K, reserved 557056K
  class space    used 13937K, committed 14400K, reserved 425984K
}
Event: 49.502 GC heap before
{Heap before GC invocations=60 (full 0):
 garbage-first heap   total 201728K, used 172251K [0x0000000080000000, 0x0000000100000000)
  region size 1024K, 20 young (20480K), 3 survivors (3072K)
 Metaspace       used 101459K, committed 102400K, reserved 557056K
  class space    used 14059K, committed 14528K, reserved 425984K
}
Event: 49.509 GC heap after
{Heap after GC invocations=61 (full 0):
 garbage-first heap   total 201728K, used 156481K [0x0000000080000000, 0x0000000100000000)
  region size 1024K, 2 young (2048K), 2 survivors (2048K)
 Metaspace       used 101459K, committed 102400K, reserved 557056K
  class space    used 14059K, committed 14528K, reserved 425984K
}
Event: 49.991 GC heap before
{Heap before GC invocations=61 (full 0):
 garbage-first heap   total 201728K, used 171841K [0x0000000080000000, 0x0000000100000000)
  region size 1024K, 18 young (18432K), 2 survivors (2048K)
 Metaspace       used 101634K, committed 102592K, reserved 557056K
  class space    used 14066K, committed 14528K, reserved 425984K
}
Event: 49.995 GC heap after
{Heap after GC invocations=62 (full 0):
 garbage-first heap   total 242688K, used 156934K [0x0000000080000000, 0x0000000100000000)
  region size 1024K, 2 young (2048K), 2 survivors (2048K)
 Metaspace       used 101634K, committed 102592K, reserved 557056K
  class space    used 14066K, committed 14528K, reserved 425984K
}
Event: 50.680 GC heap before
{Heap before GC invocations=62 (full 0):
 garbage-first heap   total 242688K, used 201990K [0x0000000080000000, 0x0000000100000000)
  region size 1024K, 47 young (48128K), 2 survivors (2048K)
 Metaspace       used 102327K, committed 103360K, reserved 557056K
  class space    used 14161K, committed 14656K, reserved 425984K
}
Event: 50.688 GC heap after
{Heap after GC invocations=63 (full 0):
 garbage-first heap   total 242688K, used 161460K [0x0000000080000000, 0x0000000100000000)
  region size 1024K, 6 young (6144K), 6 survivors (6144K)
 Metaspace       used 102327K, committed 103360K, reserved 557056K
  class space    used 14161K, committed 14656K, reserved 425984K
}
Event: 51.526 GC heap before
{Heap before GC invocations=63 (full 0):
 garbage-first heap   total 242688K, used 203444K [0x0000000080000000, 0x0000000100000000)
  region size 1024K, 48 young (49152K), 6 survivors (6144K)
 Metaspace       used 102369K, committed 103360K, reserved 557056K
  class space    used 14162K, committed 14656K, reserved 425984K
}
Event: 51.534 GC heap after
{Heap after GC invocations=64 (full 0):
 garbage-first heap   total 242688K, used 163792K [0x0000000080000000, 0x0000000100000000)
  region size 1024K, 3 young (3072K), 3 survivors (3072K)
 Metaspace       used 102369K, committed 103360K, reserved 557056K
  class space    used 14162K, committed 14656K, reserved 425984K
}

