# JRE version: OpenJDK Runtime Environment Microsoft-8035246 (17.0.8+7) (build 17.0.8+7-LTS)
# Java VM: OpenJDK 64-Bit Server VM Microsoft-8035246 (17.0.8+7-LTS, mixed mode, sharing, tiered, compressed oops, compressed class ptrs, g1 gc, windows-amd64)
GC Precious Log:
 CPUs: 8 total, 8 available
 Memory: 16133M
 Large Page Support: Disabled
 NUMA Support: Disabled
 Compressed Oops: Enabled (32-bit)
 Heap Region Size: 1M
 Heap Min Capacity: 8M
 Heap Initial Capacity: 254M
 Heap Max Capacity: 2G
 Pre-touch: Disabled
 Parallel Workers: 8
 Concurrent Workers: 2
 Concurrent Refinement Workers: 8
 Periodic GC: Disabled
Heap:
 garbage-first heap   total 302080K, used 199118K [0x0000000080000000, 0x0000000100000000)
  region size 1024K, 31 young (31744K), 7 survivors (7168K)
 Metaspace       used 102938K, committed 104000K, reserved 557056K
  class space    used 14246K, committed 14784K, reserved 425984K
GC Heap History (20 events):
Event: 66.606 GC heap before
{Heap before GC invocations=60 (full 0):
 garbage-first heap   total 210944K, used 171079K [0x0000000080000000, 0x0000000100000000)
  region size 1024K, 37 young (37888K), 1 survivors (1024K)
 Metaspace       used 91669K, committed 92672K, reserved 557056K
  class space    used 12804K, committed 13248K, reserved 425984K
}
Event: 66.617 GC heap after
{Heap after GC invocations=61 (full 0):
 garbage-first heap   total 210944K, used 145408K [0x0000000080000000, 0x0000000100000000)
  region size 1024K, 5 young (5120K), 5 survivors (5120K)
 Metaspace       used 91669K, committed 92672K, reserved 557056K
  class space    used 12804K, committed 13248K, reserved 425984K
}
Event: 67.119 GC heap before
{Heap before GC invocations=61 (full 0):
 garbage-first heap   total 210944K, used 172032K [0x0000000080000000, 0x0000000100000000)
  region size 1024K, 31 young (31744K), 5 survivors (5120K)
 Metaspace       used 93034K, committed 94016K, reserved 557056K
  class space    used 12986K, committed 13440K, reserved 425984K
}
Event: 67.127 GC heap after
{Heap after GC invocations=62 (full 0):
 garbage-first heap   total 210944K, used 148683K [0x0000000080000000, 0x0000000100000000)
  region size 1024K, 3 young (3072K), 3 survivors (3072K)
 Metaspace       used 93034K, committed 94016K, reserved 557056K
  class space    used 12986K, committed 13440K, reserved 425984K
}
Event: 67.653 GC heap before
{Heap before GC invocations=62 (full 0):
 garbage-first heap   total 210944K, used 174283K [0x0000000080000000, 0x0000000100000000)
  region size 1024K, 28 young (28672K), 3 survivors (3072K)
 Metaspace       used 95186K, committed 96128K, reserved 557056K
  class space    used 13332K, committed 13760K, reserved 425984K
}
Event: 67.657 GC heap after
{Heap after GC invocations=63 (full 0):
 garbage-first heap   total 210944K, used 150037K [0x0000000080000000, 0x0000000100000000)
  region size 1024K, 2 young (2048K), 2 survivors (2048K)
 Metaspace       used 95186K, committed 96128K, reserved 557056K
  class space    used 13332K, committed 13760K, reserved 425984K
}
Event: 68.378 GC heap before
{Heap before GC invocations=63 (full 0):
 garbage-first heap   total 210944K, used 175637K [0x0000000080000000, 0x0000000100000000)
  region size 1024K, 27 young (27648K), 2 survivors (2048K)
 Metaspace       used 96813K, committed 97792K, reserved 557056K
  class space    used 13537K, committed 14016K, reserved 425984K
}
Event: 68.385 GC heap after
{Heap after GC invocations=64 (full 0):
 garbage-first heap   total 210944K, used 152200K [0x0000000080000000, 0x0000000100000000)
  region size 1024K, 4 young (4096K), 4 survivors (4096K)
 Metaspace       used 96813K, committed 97792K, reserved 557056K
  class space    used 13537K, committed 14016K, reserved 425984K
}
Event: 68.780 GC heap before
{Heap before GC invocations=64 (full 0):
 garbage-first heap   total 210944K, used 175752K [0x0000000080000000, 0x0000000100000000)
  region size 1024K, 28 young (28672K), 4 survivors (4096K)
 Metaspace       used 98060K, committed 99072K, reserved 557056K
  class space    used 13697K, committed 14208K, reserved 425984K
}
Event: 68.787 GC heap after
{Heap after GC invocations=65 (full 0):
 garbage-first heap   total 210944K, used 153928K [0x0000000080000000, 0x0000000100000000)
  region size 1024K, 2 young (2048K), 2 survivors (2048K)
 Metaspace       used 98060K, committed 99072K, reserved 557056K
  class space    used 13697K, committed 14208K, reserved 425984K
}
Event: 69.267 GC heap before
{Heap before GC invocations=65 (full 0):
 garbage-first heap   total 210944K, used 179528K [0x0000000080000000, 0x0000000100000000)
  region size 1024K, 27 young (27648K), 2 survivors (2048K)
 Metaspace       used 98832K, committed 99840K, reserved 557056K
  class space    used 13792K, committed 14272K, reserved 425984K
}
Event: 69.278 GC heap after
{Heap after GC invocations=66 (full 0):
 garbage-first heap   total 210944K, used 157760K [0x0000000080000000, 0x0000000100000000)
  region size 1024K, 4 young (4096K), 4 survivors (4096K)
 Metaspace       used 98832K, committed 99840K, reserved 557056K
  class space    used 13792K, committed 14272K, reserved 425984K
}
Event: 69.640 GC heap before
{Heap before GC invocations=66 (full 0):
 garbage-first heap   total 210944K, used 179264K [0x0000000080000000, 0x0000000100000000)
  region size 1024K, 25 young (25600K), 4 survivors (4096K)
 Metaspace       used 99078K, committed 100096K, reserved 557056K
  class space    used 13808K, committed 14272K, reserved 425984K
}
Event: 69.648 GC heap after
{Heap after GC invocations=67 (full 0):
 garbage-first heap   total 210944K, used 160260K [0x0000000080000000, 0x0000000100000000)
  region size 1024K, 3 young (3072K), 3 survivors (3072K)
 Metaspace       used 99078K, committed 100096K, reserved 557056K
  class space    used 13808K, committed 14272K, reserved 425984K
}
Event: 69.954 GC heap before
{Heap before GC invocations=67 (full 0):
 garbage-first heap   total 210944K, used 180740K [0x0000000080000000, 0x0000000100000000)
  region size 1024K, 23 young (23552K), 3 survivors (3072K)
 Metaspace       used 99187K, committed 100224K, reserved 557056K
  class space    used 13809K, committed 14272K, reserved 425984K
}
Event: 69.960 GC heap after
{Heap after GC invocations=68 (full 0):
 garbage-first heap   total 302080K, used 162284K [0x0000000080000000, 0x0000000100000000)
  region size 1024K, 3 young (3072K), 3 survivors (3072K)
 Metaspace       used 99187K, committed 100224K, reserved 557056K
  class space    used 13809K, committed 14272K, reserved 425984K
}
Event: 71.096 GC heap before
{Heap before GC invocations=68 (full 0):
 garbage-first heap   total 302080K, used 243180K [0x0000000080000000, 0x0000000100000000)
  region size 1024K, 78 young (79872K), 3 survivors (3072K)
 Metaspace       used 102090K, committed 103168K, reserved 557056K
  class space    used 14147K, committed 14656K, reserved 425984K
}
Event: 71.113 GC heap after
{Heap after GC invocations=69 (full 0):
 garbage-first heap   total 302080K, used 170186K [0x0000000080000000, 0x0000000100000000)
  region size 1024K, 10 young (10240K), 10 survivors (10240K)
 Metaspace       used 102090K, committed 103168K, reserved 557056K
  class space    used 14147K, committed 14656K, reserved 425984K
}
Event: 72.056 GC heap before
{Heap before GC invocations=69 (full 0):
 garbage-first heap   total 302080K, used 242890K [0x0000000080000000, 0x0000000100000000)
  region size 1024K, 81 young (82944K), 10 survivors (10240K)
 Metaspace       used 102916K, committed 104000K, reserved 557056K
  class space    used 14245K, committed 14784K, reserved 425984K
}
Event: 72.074 GC heap after
{Heap after GC invocations=70 (full 0):
 garbage-first heap   total 302080K, used 176590K [0x0000000080000000, 0x0000000100000000)
  region size 1024K, 7 young (7168K), 7 survivors (7168K)
 Metaspace       used 102916K, committed 104000K, reserved 557056K
  class space    used 14245K, committed 14784K, reserved 425984K
}

